[2019-06-28T10:02:01.248] [ERROR] errorLogger - 
*************** error log start ***************
request method: POST
request originalUrl:  /api/user/getUserDetail
request client ip:  ::ffff:192.168.1.246
request body: 
{}
response time: 4
err name: TypeError
err message: Converting circular structure to JSON
err stack: TypeError: Converting circular structure to JSON
    at JSON.stringify (<anonymous>)
    at formatRes (/Users/app/code/speedy-admin-server/server/config/log.js:61:48)
    at Object.logUtil.logResponse (/Users/app/code/speedy-admin-server/server/config/log.js:25:24)
    at app.use (/Users/app/code/speedy-admin-server/app.js:34:15)
    at process._tickCallback (internal/process/next_tick.js:68:7)
*************** error log end ***************

[2019-06-28T10:02:30.785] [ERROR] errorLogger - 
*************** error log start ***************
request method: POST
request originalUrl:  /api/user/getUserDetail
request client ip:  ::ffff:192.168.1.246
request body: 
{}
response time: 8
err name: TypeError
err message: Converting circular structure to JSON
err stack: TypeError: Converting circular structure to JSON
    at JSON.stringify (<anonymous>)
    at formatRes (/Users/app/code/speedy-admin-server/server/config/log.js:61:48)
    at Object.logUtil.logResponse (/Users/app/code/speedy-admin-server/server/config/log.js:25:24)
    at app.use (/Users/app/code/speedy-admin-server/app.js:34:15)
    at process._tickCallback (internal/process/next_tick.js:68:7)
*************** error log end ***************

