[2019-06-30T21:26:32.264] [ERROR] errorLogger - 
*************** error log start ***************
request method: POST
request originalUrl:  /api/xcx/weChat/getUnionId
request client ip:  ::ffff:192.168.0.113
request body: 
{"appId":"wx5aaaec189466b376","encryptedData":"aHVJ6IFH5i+4ZV3fw3hBtFZ8fGeSwFFVxAISwzXqzYZcEDXpnYUJQKNXhw9+1o65IJsBw3Por1tiBalOoVZb8CjbRUDIzLlAo/4urbtyriW2Cm6ZqFK0lziOfeDA1xjW0ZHAFya9Nd7Og8x1XcSrIare1qJmg6cyAtHWn13gSlkWINWvIB9pxXIY8MtR78rBLoSEbnQwZ6aiQOV8c57tw8uOYGnkE2/3J3841T1SbBuFieEZtJf8PW2QlC76xiREIy/QLnkkPNHlDGHDDTHAblgKbbL5JxHvNknvoukoTdEntlTi6Ag7mCwOXo4/m1GBGV67Jdiyujd0G+4graHyWe596wndjlW8WVWnUSjK/tLHMROo0KLlzSDTrywtDhaCYt1ZZEGfVcxLgDNQ4g19HITCrwGsgj0j6VTku2y2IVSxZaor6sDWLA/R4RRr9cWPuYzht0ZX6z/PeXngsPbDEw==","iv":"0oi60zVgCjJI8e5ISFS6yw=="}
response time: 0
err name: TypeError [ERR_INVALID_ARG_TYPE]
err message: The first argument must be one of type string, Buffer, ArrayBuffer, Array, or Array-like Object. Received type undefined
err stack: TypeError [ERR_INVALID_ARG_TYPE]: The first argument must be one of type string, Buffer, ArrayBuffer, Array, or Array-like Object. Received type undefined
    at Function.from (buffer.js:207:11)
    at new Buffer (buffer.js:182:17)
    at WXBizDataCrypt.decryptData (/Users/app/code/speedy-admin-server/server/function/WXBizDataCrypt.js:10:24)
    at getUnionId (/Users/app/code/speedy-admin-server/server/controller/weChatController.js:61:23)
    at dispatch (/Users/app/code/speedy-admin-server/node_modules/_koa-compose@3.2.1@koa-compose/index.js:44:32)
    at next (/Users/app/code/speedy-admin-server/node_modules/_koa-compose@3.2.1@koa-compose/index.js:45:18)
    at /Users/app/code/speedy-admin-server/node_modules/_koa-router@7.4.0@koa-router/lib/router.js:346:16
    at dispatch (/Users/app/code/speedy-admin-server/node_modules/_koa-compose@3.2.1@koa-compose/index.js:44:32)
    at /Users/app/code/speedy-admin-server/node_modules/_koa-compose@3.2.1@koa-compose/index.js:36:12
    at dispatch (/Users/app/code/speedy-admin-server/node_modules/_koa-router@7.4.0@koa-router/lib/router.js:351:31)
    at dispatch (/Users/app/code/speedy-admin-server/node_modules/_koa-compose@4.1.0@koa-compose/index.js:42:32)
    at app.use (/Users/app/code/speedy-admin-server/app.js:32:13)
    at dispatch (/Users/app/code/speedy-admin-server/node_modules/_koa-compose@4.1.0@koa-compose/index.js:42:32)
    at serve (/Users/app/code/speedy-admin-server/node_modules/_koa-static@5.0.0@koa-static/index.js:53:15)
    at dispatch (/Users/app/code/speedy-admin-server/node_modules/_koa-compose@4.1.0@koa-compose/index.js:42:32)
    at /Users/app/code/speedy-admin-server/node_modules/_koa-body@4.1.0@koa-body/index.js:141:14
    at process._tickCallback (internal/process/next_tick.js:68:7)
*************** error log end ***************

