[2019-07-01T17:10:47.665] [INFO] resLogger - 
*************** response log start ***************
request method: POST
request originalUrl:  /api/getCommodityList
request client ip:  ::ffff:192.168.1.246
request body: 
{"keyword":"haha"}
response time: 7
response status: 200
response body: 
{"code":1,"data":{"data":[],"total":7},"msg":"success"}
*************** response log end ***************

[2019-07-01T17:10:51.534] [INFO] resLogger - 
*************** response log start ***************
request method: POST
request originalUrl:  /api/getCommodityList
request client ip:  ::ffff:192.168.1.246
request body: 
{"keyword":"11"}
response time: 6
response status: 200
response body: 
{"code":1,"data":{"data":[{"collect":0,"transmit":0,"like":0,"status":0,"creatTime":1561813165180,"updataTime":1561813165180,"_id":"5d17639bb04a2029fb76ab66","productDes":"111","imageUrl":"[\"https://static2.zugeliang01.com/20190629/765b40d0-9a6f-11e9-aeaa-7964b9e6c3b9.png\"]","phoneNumber":18618494521,"school":"清华大学","userId":"5d145ee6c50c3201d17dc28a","dep":{"attentionNum":3,"fansNum":0,"creatTime":1561616079055,"updataTime":1561616079055,"_id":"5d145ee6c50c3201d17dc28a","openId":"onioU0SKwZ170Yj6Wv8ZCYb122u4","__v":0,"avatarUrl":"https://wx.qlogo.cn/mmopen/vi_32/DYAIOgq83eoy75TtszB6cT9a6T5hY7EpkAGwlqImKTfBIGbTXsv36nqnJxQXAV8RZjzX0tGqxKaVr7NFOsv5JQ/132","nickName":"A sunny","token":"eyJhbGciOiJIUzI1NiIsInR5cCI6IkpXVCJ9.eyJpZCI6IjVkMTQ1ZWU2YzUwYzMyMDFkMTdkYzI4YSIsImlhdCI6MTU2MTkwMTQyMywiZXhwIjoxNTYzMTk3NDIzfQ.-rfNScWuP9h4X_qarJmTV1KSEyvjHcDXM4C5UDM_b3Y","birthday":"2016-04-29","sex":1,"signature":"大家好，才是真的好！","school":"清华大学","studentNumber":1873618763,"phoneNumber":18618494521,"name":"郝增润"},"__v":0},{"collect":0,"transmit":0,"like":0,"status":0,"creatTime":1561813165180,"updataTime":1561813165180,"_id":"5d176424b04a2029fb76ab67","productDes":"1111","imageUrl":"[\"https://static2.zugeliang01.com/20190629/c6572cc0-9a6f-11e9-bfe3-59f94a77db46.png\"]","phoneNumber":18618494521,"school":"清华大学","userId":"5d145ee6c50c3201d17dc28a","dep":{"attentionNum":3,"fansNum":0,"creatTime":1561616079055,"updataTime":1561616079055,"_id":"5d145ee6c50c3201d17dc28a","openId":"onioU0SKwZ170Yj6Wv8ZCYb122u4","__v":0,"avatarUrl":"https://wx.qlogo.cn/mmopen/vi_32/DYAIOgq83eoy75TtszB6cT9a6T5hY7EpkAGwlqImKTfBIGbTXsv36nqnJxQXAV8RZjzX0tGqxKaVr7NFOsv5JQ/132","nickName":"A sunny","token":"eyJhbGciOiJIUzI1NiIsInR5cCI6IkpXVCJ9.eyJpZCI6IjVkMTQ1ZWU2YzUwYzMyMDFkMTdkYzI4YSIsImlhdCI6MTU2MTkwMTQyMywiZXhwIjoxNTYzMTk3NDIzfQ.-rfNScWuP9h4X_qarJmTV1KSEyvjHcDXM4C5UDM_b3Y","birthday":"2016-04-29","sex":1,"signature":"大家好，才是真的好！","school":"清华大学","studentNumber":1873618763,"phoneNumber":18618494521,"name":"郝增润"},"__v":0},{"collect":1,"transmit":1,"like":0,"status":0,"creatTime":1561813165180,"updataTime":1561813165180,"_id":"5d1764e1b04a2029fb76ab68","productDes":"231311","imageUrl":"[\"https://static2.zugeliang01.com/20190629/3747fc70-9a70-11e9-bfe3-59f94a77db46.png\"]","phoneNumber":18618494521,"school":"清华大学","userId":"5d145ee6c50c3201d17dc28a","dep":{"attentionNum":3,"fansNum":0,"creatTime":1561616079055,"updataTime":1561616079055,"_id":"5d145ee6c50c3201d17dc28a","openId":"onioU0SKwZ170Yj6Wv8ZCYb122u4","__v":0,"avatarUrl":"https://wx.qlogo.cn/mmopen/vi_32/DYAIOgq83eoy75TtszB6cT9a6T5hY7EpkAGwlqImKTfBIGbTXsv36nqnJxQXAV8RZjzX0tGqxKaVr7NFOsv5JQ/132","nickName":"A sunny","token":"eyJhbGciOiJIUzI1NiIsInR5cCI6IkpXVCJ9.eyJpZCI6IjVkMTQ1ZWU2YzUwYzMyMDFkMTdkYzI4YSIsImlhdCI6MTU2MTkwMTQyMywiZXhwIjoxNTYzMTk3NDIzfQ.-rfNScWuP9h4X_qarJmTV1KSEyvjHcDXM4C5UDM_b3Y","birthday":"2016-04-29","sex":1,"signature":"大家好，才是真的好！","school":"清华大学","studentNumber":1873618763,"phoneNumber":18618494521,"name":"郝增润"},"__v":0}],"total":7},"msg":"success"}
*************** response log end ***************

