[2019-06-26T19:59:22.848] [INFO] resLogger - 
*************** response log start ***************
request method: POST
request originalUrl:  /api/xcx/weChat/thirdLoginIn
request client ip:  ::ffff:192.168.1.246
request body: 
{}
response time: 15
response status: 200
response body: 
{"code":0,"data":{"token":""},"msg":"该用户已存在"}
*************** response log end ***************

[2019-06-26T19:59:23.664] [INFO] resLogger - 
*************** response log start ***************
request method: POST
request originalUrl:  /api/xcx/getHomeList
request client ip:  ::ffff:192.168.1.246
request body: 
{}
response time: 0
response status: 404
response body: 
undefined
*************** response log end ***************

