[2019-07-03T15:55:09.177] [INFO] resLogger - 
*************** response log start ***************
request method: POST
request originalUrl:  /api/user/addAttention
request client ip:  ::ffff:192.168.1.246
request body: 
{"attentionId":"5d048a835e4e3ae2b1c558c1"}
response time: 69
response status: 200
response body: 
{"data":""}
*************** response log end ***************

[2019-07-03T15:56:10.691] [INFO] resLogger - 
*************** response log start ***************
request method: POST
request originalUrl:  /api/user/addAttention
request client ip:  ::ffff:192.168.1.246
request body: 
{"attentionId":"5d048a835e4e3ae2b1c558c1"}
response time: 53
response status: 200
response body: 
{"data":""}
*************** response log end ***************

[2019-07-03T15:59:44.247] [INFO] resLogger - 
*************** response log start ***************
request method: POST
request originalUrl:  /api/user/addAttention
request client ip:  ::ffff:192.168.1.246
request body: 
{"attentionId":"5d048a835e4e3ae2b1c558c1"}
response time: 48
response status: 200
response body: 
{"data":""}
*************** response log end ***************

