[2019-07-02T18:45:07.514] [INFO] resLogger - 
*************** response log start ***************
request method: POST
request originalUrl:  /api/recommendToCommodity
request client ip:  ::ffff:192.168.1.246
request body: 
{"type":"1"}
response time: 12
response status: 200
response body: 
{"code":1,"data":[],"msg":"success"}
*************** response log end ***************

[2019-07-02T18:45:10.632] [INFO] resLogger - 
*************** response log start ***************
request method: POST
request originalUrl:  /api/recommendToCommodity
request client ip:  ::ffff:192.168.1.246
request body: 
{"type":"1"}
response time: 2
response status: 200
response body: 
{"code":1,"data":[],"msg":"success"}
*************** response log end ***************

[2019-07-02T18:45:29.973] [INFO] resLogger - 
*************** response log start ***************
request method: POST
request originalUrl:  /api/recommendToCommodity
request client ip:  ::ffff:192.168.1.246
request body: 
{"type":"1"}
response time: 28
response status: 200
response body: 
{"code":1,"data":[{"collect":1,"transmit":0,"like":0,"ourRatings":3,"status":0,"creatTime":1561811516836,"updataTime":1561811516836,"_id":"5d175a8c26ffda2470d3f854","productDes":"iu'qiu'q'e'y'q就求而要求","imageUrl":"[\"https://static2.zugeliang01.com/20190629/0c40b950-9a6a-11e9-aeaa-7964b9e6c3b9.png\"]","phoneNumber":18618494521,"school":"清华大学","userId":"5d145ee6c50c3201d17dc28a","dep":"5d145ee6c50c3201d17dc28a","__v":0,"type":1},{"collect":0,"transmit":0,"like":0,"ourRatings":1,"status":0,"creatTime":1562055511905,"updataTime":1562055511905,"_id":"5d1b192149f111208683718a","productDes":"测试类型2","imageUrl":"[\"https://static2.zugeliang01.com/20190629/0c40b950-9a6a-11e9-aeaa-7964b9e6c3b9.png\"]","phoneNumber":18618494521,"school":"\b清华大学","type":1,"userId":"5d145ee6c50c3201d17dc28a","dep":"5d145ee6c50c3201d17dc28a","__v":0},{"collect":0,"transmit":0,"like":0,"ourRatings":1,"status":0,"creatTime":1562055511905,"updataTime":1562055511905,"_id":"5d1b192b49f111208683718c","productDes":"测试类型3","imageUrl":"[\"https://static2.zugeliang01.com/20190629/0c40b950-9a6a-11e9-aeaa-7964b9e6c3b9.png\"]","phoneNumber":18618494521,"school":"\b清华大学","type":1,"userId":"5d145ee6c50c3201d17dc28a","dep":"5d145ee6c50c3201d17dc28a","__v":0}],"msg":"success"}
*************** response log end ***************

