[2019-06-27T14:56:51.718] [INFO] resLogger - 
*************** response log start ***************
request method: POST
request originalUrl:  /api/xcx/getHomeList
request client ip:  ::ffff:192.168.1.246
request body: 
{}
response time: 0
response status: 404
response body: 
undefined
*************** response log end ***************

[2019-06-27T14:56:54.027] [INFO] resLogger - 
*************** response log start ***************
request method: POST
request originalUrl:  /api/user/getUserDetail
request client ip:  ::ffff:192.168.1.246
request body: 
{}
response time: 3
response status: 404
response body: 
undefined
*************** response log end ***************

