[2019-06-28T10:11:38.162] [INFO] resLogger - 
*************** response log start ***************
request method: POST
request originalUrl:  /api/xcx/getHomeList
request client ip:  ::ffff:192.168.1.246
request body: 
{}
response time: 0
response status: 404
response body: 
undefined
*************** response log end ***************

[2019-06-28T10:11:40.480] [INFO] resLogger - 
*************** response log start ***************
request method: POST
request originalUrl:  /api/user/getUserDetail
request client ip:  ::ffff:192.168.1.246
request body: 
{}
response time: 12
response status: 200
response body: 
{"code":1,"data":{"attentionNum":0,"fansNum":0,"creatTime":1561616079055,"updataTime":1561616079055,"_id":"5d145ee6c50c3201d17dc28a","openId":"onioU0SKwZ170Yj6Wv8ZCYb122u4","__v":0},"msg":"success"}
*************** response log end ***************

